mode: atomic
github.com/syncromatics/proto-schema-registry/pkg/protobuf/comparer.go:13.82,16.16 3 16
github.com/syncromatics/proto-schema-registry/pkg/protobuf/comparer.go:20.2,27.16 5 16
github.com/syncromatics/proto-schema-registry/pkg/protobuf/comparer.go:30.2,36.21 4 16
github.com/syncromatics/proto-schema-registry/pkg/protobuf/comparer.go:40.2,40.23 1 2
github.com/syncromatics/proto-schema-registry/pkg/protobuf/comparer.go:16.16,18.3 1 0
github.com/syncromatics/proto-schema-registry/pkg/protobuf/comparer.go:27.16,29.3 1 0
github.com/syncromatics/proto-schema-registry/pkg/protobuf/comparer.go:36.21,38.3 1 14
github.com/syncromatics/proto-schema-registry/pkg/protobuf/comparer.go:50.56,55.35 2 11
github.com/syncromatics/proto-schema-registry/pkg/protobuf/comparer.go:64.2,64.10 1 11
github.com/syncromatics/proto-schema-registry/pkg/protobuf/comparer.go:55.35,56.25 1 31
github.com/syncromatics/proto-schema-registry/pkg/protobuf/comparer.go:57.25,60.5 1 31
github.com/syncromatics/proto-schema-registry/pkg/protobuf/comparer.go:75.59,80.35 2 7
github.com/syncromatics/proto-schema-registry/pkg/protobuf/comparer.go:88.2,88.10 1 7
github.com/syncromatics/proto-schema-registry/pkg/protobuf/comparer.go:80.35,81.24 1 12
github.com/syncromatics/proto-schema-registry/pkg/protobuf/comparer.go:82.26,85.5 1 12
github.com/syncromatics/proto-schema-registry/pkg/protobuf/comparer.go:98.47,105.2 1 58
github.com/syncromatics/proto-schema-registry/pkg/protobuf/comparer.go:112.34,117.2 1 32
github.com/syncromatics/proto-schema-registry/pkg/protobuf/comparer.go:119.51,120.47 1 11
github.com/syncromatics/proto-schema-registry/pkg/protobuf/comparer.go:124.2,125.24 2 6
github.com/syncromatics/proto-schema-registry/pkg/protobuf/comparer.go:120.47,122.3 1 5
github.com/syncromatics/proto-schema-registry/pkg/protobuf/comparer.go:128.60,131.37 2 58
github.com/syncromatics/proto-schema-registry/pkg/protobuf/comparer.go:154.2,154.30 1 58
github.com/syncromatics/proto-schema-registry/pkg/protobuf/comparer.go:131.37,132.24 1 71
github.com/syncromatics/proto-schema-registry/pkg/protobuf/comparer.go:133.27,137.5 1 56
github.com/syncromatics/proto-schema-registry/pkg/protobuf/comparer.go:139.20,140.42 1 5
github.com/syncromatics/proto-schema-registry/pkg/protobuf/comparer.go:142.21,143.43 1 7
github.com/syncromatics/proto-schema-registry/pkg/protobuf/comparer.go:145.24,146.31 1 3
github.com/syncromatics/proto-schema-registry/pkg/protobuf/comparer.go:146.31,147.37 1 3
github.com/syncromatics/proto-schema-registry/pkg/protobuf/comparer.go:147.37,149.6 1 3
github.com/syncromatics/proto-schema-registry/pkg/protobuf/comparer.go:157.72,159.46 2 16
github.com/syncromatics/proto-schema-registry/pkg/protobuf/comparer.go:256.2,256.40 1 16
github.com/syncromatics/proto-schema-registry/pkg/protobuf/comparer.go:277.2,277.15 1 16
github.com/syncromatics/proto-schema-registry/pkg/protobuf/comparer.go:159.46,161.10 2 29
github.com/syncromatics/proto-schema-registry/pkg/protobuf/comparer.go:166.3,166.52 1 28
github.com/syncromatics/proto-schema-registry/pkg/protobuf/comparer.go:194.3,194.45 1 28
github.com/syncromatics/proto-schema-registry/pkg/protobuf/comparer.go:215.3,215.48 1 28
github.com/syncromatics/proto-schema-registry/pkg/protobuf/comparer.go:247.3,247.35 1 28
github.com/syncromatics/proto-schema-registry/pkg/protobuf/comparer.go:161.10,163.12 2 1
github.com/syncromatics/proto-schema-registry/pkg/protobuf/comparer.go:166.52,168.18 2 27
github.com/syncromatics/proto-schema-registry/pkg/protobuf/comparer.go:172.4,173.18 2 27
github.com/syncromatics/proto-schema-registry/pkg/protobuf/comparer.go:177.4,178.11 2 26
github.com/syncromatics/proto-schema-registry/pkg/protobuf/comparer.go:183.4,183.45 1 25
github.com/syncromatics/proto-schema-registry/pkg/protobuf/comparer.go:188.4,188.43 1 24
github.com/syncromatics/proto-schema-registry/pkg/protobuf/comparer.go:168.18,169.13 1 0
github.com/syncromatics/proto-schema-registry/pkg/protobuf/comparer.go:173.18,174.13 1 1
github.com/syncromatics/proto-schema-registry/pkg/protobuf/comparer.go:178.11,180.13 2 1
github.com/syncromatics/proto-schema-registry/pkg/protobuf/comparer.go:183.45,185.13 2 1
github.com/syncromatics/proto-schema-registry/pkg/protobuf/comparer.go:188.43,190.13 2 1
github.com/syncromatics/proto-schema-registry/pkg/protobuf/comparer.go:194.45,196.11 2 3
github.com/syncromatics/proto-schema-registry/pkg/protobuf/comparer.go:201.4,201.50 1 2
github.com/syncromatics/proto-schema-registry/pkg/protobuf/comparer.go:196.11,198.13 2 1
github.com/syncromatics/proto-schema-registry/pkg/protobuf/comparer.go:201.50,203.12 2 6
github.com/syncromatics/proto-schema-registry/pkg/protobuf/comparer.go:208.5,208.26 1 5
github.com/syncromatics/proto-schema-registry/pkg/protobuf/comparer.go:203.12,205.14 2 1
github.com/syncromatics/proto-schema-registry/pkg/protobuf/comparer.go:208.26,210.14 2 1
github.com/syncromatics/proto-schema-registry/pkg/protobuf/comparer.go:215.48,218.11 2 4
github.com/syncromatics/proto-schema-registry/pkg/protobuf/comparer.go:223.4,223.51 1 3
github.com/syncromatics/proto-schema-registry/pkg/protobuf/comparer.go:218.11,220.13 2 1
github.com/syncromatics/proto-schema-registry/pkg/protobuf/comparer.go:223.51,225.19 2 6
github.com/syncromatics/proto-schema-registry/pkg/protobuf/comparer.go:229.5,230.19 2 6
github.com/syncromatics/proto-schema-registry/pkg/protobuf/comparer.go:234.5,235.12 2 5
github.com/syncromatics/proto-schema-registry/pkg/protobuf/comparer.go:240.5,240.46 1 4
github.com/syncromatics/proto-schema-registry/pkg/protobuf/comparer.go:225.19,226.14 1 0
github.com/syncromatics/proto-schema-registry/pkg/protobuf/comparer.go:230.19,231.14 1 1
github.com/syncromatics/proto-schema-registry/pkg/protobuf/comparer.go:235.12,237.14 2 1
github.com/syncromatics/proto-schema-registry/pkg/protobuf/comparer.go:240.46,242.14 2 1
github.com/syncromatics/proto-schema-registry/pkg/protobuf/comparer.go:247.35,249.11 2 1
github.com/syncromatics/proto-schema-registry/pkg/protobuf/comparer.go:249.11,251.13 2 1
github.com/syncromatics/proto-schema-registry/pkg/protobuf/comparer.go:256.40,258.10 2 3
github.com/syncromatics/proto-schema-registry/pkg/protobuf/comparer.go:263.3,263.44 1 2
github.com/syncromatics/proto-schema-registry/pkg/protobuf/comparer.go:258.10,260.12 2 1
github.com/syncromatics/proto-schema-registry/pkg/protobuf/comparer.go:263.44,265.11 2 6
github.com/syncromatics/proto-schema-registry/pkg/protobuf/comparer.go:270.4,270.25 1 5
github.com/syncromatics/proto-schema-registry/pkg/protobuf/comparer.go:265.11,267.13 2 1
github.com/syncromatics/proto-schema-registry/pkg/protobuf/comparer.go:270.25,272.13 2 1
github.com/syncromatics/proto-schema-registry/pkg/protobuf/extractor.go:18.64,23.16 4 1
github.com/syncromatics/proto-schema-registry/pkg/protobuf/extractor.go:27.2,33.16 3 1
github.com/syncromatics/proto-schema-registry/pkg/protobuf/extractor.go:37.2,38.37 2 1
github.com/syncromatics/proto-schema-registry/pkg/protobuf/extractor.go:45.2,45.17 1 1
github.com/syncromatics/proto-schema-registry/pkg/protobuf/extractor.go:49.2,57.16 4 1
github.com/syncromatics/proto-schema-registry/pkg/protobuf/extractor.go:61.2,71.16 5 1
github.com/syncromatics/proto-schema-registry/pkg/protobuf/extractor.go:75.2,75.30 1 1
github.com/syncromatics/proto-schema-registry/pkg/protobuf/extractor.go:23.16,25.3 1 0
github.com/syncromatics/proto-schema-registry/pkg/protobuf/extractor.go:33.16,35.3 1 0
github.com/syncromatics/proto-schema-registry/pkg/protobuf/extractor.go:38.37,39.46 1 1
github.com/syncromatics/proto-schema-registry/pkg/protobuf/extractor.go:39.46,41.9 2 1
github.com/syncromatics/proto-schema-registry/pkg/protobuf/extractor.go:45.17,47.3 1 0
github.com/syncromatics/proto-schema-registry/pkg/protobuf/extractor.go:57.16,59.3 1 0
github.com/syncromatics/proto-schema-registry/pkg/protobuf/extractor.go:71.16,73.3 1 0
github.com/syncromatics/proto-schema-registry/pkg/protobuf/extractor.go:91.75,92.24 1 10
github.com/syncromatics/proto-schema-registry/pkg/protobuf/extractor.go:96.2,99.8 3 10
github.com/syncromatics/proto-schema-registry/pkg/protobuf/extractor.go:103.2,105.36 2 6
github.com/syncromatics/proto-schema-registry/pkg/protobuf/extractor.go:130.2,130.36 1 6
github.com/syncromatics/proto-schema-registry/pkg/protobuf/extractor.go:138.2,138.36 1 6
github.com/syncromatics/proto-schema-registry/pkg/protobuf/extractor.go:151.2,151.12 1 6
github.com/syncromatics/proto-schema-registry/pkg/protobuf/extractor.go:92.24,94.3 1 0
github.com/syncromatics/proto-schema-registry/pkg/protobuf/extractor.go:99.8,101.3 1 4
github.com/syncromatics/proto-schema-registry/pkg/protobuf/extractor.go:105.36,106.20 1 14
github.com/syncromatics/proto-schema-registry/pkg/protobuf/extractor.go:110.3,114.35 3 14
github.com/syncromatics/proto-schema-registry/pkg/protobuf/extractor.go:119.3,119.35 1 14
github.com/syncromatics/proto-schema-registry/pkg/protobuf/extractor.go:106.20,107.12 1 0
github.com/syncromatics/proto-schema-registry/pkg/protobuf/extractor.go:114.35,117.4 2 2
github.com/syncromatics/proto-schema-registry/pkg/protobuf/extractor.go:119.35,127.4 2 1
github.com/syncromatics/proto-schema-registry/pkg/protobuf/extractor.go:130.36,136.3 2 1
github.com/syncromatics/proto-schema-registry/pkg/protobuf/extractor.go:138.36,141.17 3 9
github.com/syncromatics/proto-schema-registry/pkg/protobuf/extractor.go:145.3,146.17 2 9
github.com/syncromatics/proto-schema-registry/pkg/protobuf/extractor.go:141.17,143.4 1 0
github.com/syncromatics/proto-schema-registry/pkg/protobuf/extractor.go:146.17,148.4 1 0
github.com/syncromatics/proto-schema-registry/pkg/protobuf/extractor.go:154.73,156.16 2 10
github.com/syncromatics/proto-schema-registry/pkg/protobuf/extractor.go:159.2,162.16 3 10
github.com/syncromatics/proto-schema-registry/pkg/protobuf/extractor.go:166.2,168.16 3 10
github.com/syncromatics/proto-schema-registry/pkg/protobuf/extractor.go:172.2,172.18 1 10
github.com/syncromatics/proto-schema-registry/pkg/protobuf/extractor.go:156.16,158.3 1 0
github.com/syncromatics/proto-schema-registry/pkg/protobuf/extractor.go:162.16,164.3 1 0
github.com/syncromatics/proto-schema-registry/pkg/protobuf/extractor.go:168.16,170.3 1 0
github.com/syncromatics/proto-schema-registry/pkg/protobuf/extractor.go:175.82,176.28 1 20
github.com/syncromatics/proto-schema-registry/pkg/protobuf/extractor.go:222.2,222.12 1 18
github.com/syncromatics/proto-schema-registry/pkg/protobuf/extractor.go:176.28,177.114 1 91
github.com/syncromatics/proto-schema-registry/pkg/protobuf/extractor.go:181.3,188.10 3 23
github.com/syncromatics/proto-schema-registry/pkg/protobuf/extractor.go:215.3,218.17 3 18
github.com/syncromatics/proto-schema-registry/pkg/protobuf/extractor.go:177.114,178.12 1 68
github.com/syncromatics/proto-schema-registry/pkg/protobuf/extractor.go:188.10,190.11 2 5
github.com/syncromatics/proto-schema-registry/pkg/protobuf/extractor.go:194.4,194.21 1 5
github.com/syncromatics/proto-schema-registry/pkg/protobuf/extractor.go:190.11,192.5 1 0
github.com/syncromatics/proto-schema-registry/pkg/protobuf/extractor.go:194.21,195.64 1 3
github.com/syncromatics/proto-schema-registry/pkg/protobuf/extractor.go:198.5,199.12 2 1
github.com/syncromatics/proto-schema-registry/pkg/protobuf/extractor.go:203.5,205.19 3 1
github.com/syncromatics/proto-schema-registry/pkg/protobuf/extractor.go:208.5,208.13 1 1
github.com/syncromatics/proto-schema-registry/pkg/protobuf/extractor.go:195.64,197.6 1 2
github.com/syncromatics/proto-schema-registry/pkg/protobuf/extractor.go:199.12,201.6 1 0
github.com/syncromatics/proto-schema-registry/pkg/protobuf/extractor.go:205.19,207.6 1 0
github.com/syncromatics/proto-schema-registry/pkg/protobuf/extractor.go:209.10,211.13 2 2
github.com/syncromatics/proto-schema-registry/pkg/protobuf/extractor.go:218.17,220.4 1 0
github.com/syncromatics/proto-schema-registry/pkg/protobuf/extractor.go:232.53,234.32 2 20
github.com/syncromatics/proto-schema-registry/pkg/protobuf/extractor.go:241.2,241.44 1 20
github.com/syncromatics/proto-schema-registry/pkg/protobuf/extractor.go:245.2,248.9 3 9
github.com/syncromatics/proto-schema-registry/pkg/protobuf/extractor.go:257.2,258.34 2 8
github.com/syncromatics/proto-schema-registry/pkg/protobuf/extractor.go:265.2,267.28 3 8
github.com/syncromatics/proto-schema-registry/pkg/protobuf/extractor.go:370.2,370.12 1 8
github.com/syncromatics/proto-schema-registry/pkg/protobuf/extractor.go:374.2,374.31 1 8
github.com/syncromatics/proto-schema-registry/pkg/protobuf/extractor.go:381.2,383.12 2 8
github.com/syncromatics/proto-schema-registry/pkg/protobuf/extractor.go:234.32,236.17 2 19
github.com/syncromatics/proto-schema-registry/pkg/protobuf/extractor.go:236.17,238.4 1 0
github.com/syncromatics/proto-schema-registry/pkg/protobuf/extractor.go:241.44,243.3 1 11
github.com/syncromatics/proto-schema-registry/pkg/protobuf/extractor.go:248.9,250.10 2 1
github.com/syncromatics/proto-schema-registry/pkg/protobuf/extractor.go:254.3,254.50 1 1
github.com/syncromatics/proto-schema-registry/pkg/protobuf/extractor.go:250.10,252.4 1 0
github.com/syncromatics/proto-schema-registry/pkg/protobuf/extractor.go:258.34,260.3 1 1
github.com/syncromatics/proto-schema-registry/pkg/protobuf/extractor.go:260.8,263.3 2 7
github.com/syncromatics/proto-schema-registry/pkg/protobuf/extractor.go:267.28,269.37 1 35
github.com/syncromatics/proto-schema-registry/pkg/protobuf/extractor.go:274.3,274.26 1 35
github.com/syncromatics/proto-schema-registry/pkg/protobuf/extractor.go:278.3,278.36 1 35
github.com/syncromatics/proto-schema-registry/pkg/protobuf/extractor.go:283.3,285.19 2 35
github.com/syncromatics/proto-schema-registry/pkg/protobuf/extractor.go:290.3,290.18 1 35
github.com/syncromatics/proto-schema-registry/pkg/protobuf/extractor.go:368.3,368.74 1 35
github.com/syncromatics/proto-schema-registry/pkg/protobuf/extractor.go:269.37,272.4 2 2
github.com/syncromatics/proto-schema-registry/pkg/protobuf/extractor.go:274.26,276.4 1 5
github.com/syncromatics/proto-schema-registry/pkg/protobuf/extractor.go:278.36,281.4 2 1
github.com/syncromatics/proto-schema-registry/pkg/protobuf/extractor.go:286.53,287.40 1 3
github.com/syncromatics/proto-schema-registry/pkg/protobuf/extractor.go:291.48,292.35 1 1
github.com/syncromatics/proto-schema-registry/pkg/protobuf/extractor.go:294.49,295.36 1 1
github.com/syncromatics/proto-schema-registry/pkg/protobuf/extractor.go:297.50,298.37 1 1
github.com/syncromatics/proto-schema-registry/pkg/protobuf/extractor.go:300.51,301.38 1 1
github.com/syncromatics/proto-schema-registry/pkg/protobuf/extractor.go:303.51,304.38 1 1
github.com/syncromatics/proto-schema-registry/pkg/protobuf/extractor.go:306.49,307.36 1 1
github.com/syncromatics/proto-schema-registry/pkg/protobuf/extractor.go:309.49,310.36 1 2
github.com/syncromatics/proto-schema-registry/pkg/protobuf/extractor.go:312.49,313.36 1 1
github.com/syncromatics/proto-schema-registry/pkg/protobuf/extractor.go:315.52,316.39 1 1
github.com/syncromatics/proto-schema-registry/pkg/protobuf/extractor.go:318.52,319.39 1 1
github.com/syncromatics/proto-schema-registry/pkg/protobuf/extractor.go:321.50,322.37 1 1
github.com/syncromatics/proto-schema-registry/pkg/protobuf/extractor.go:324.50,325.37 1 1
github.com/syncromatics/proto-schema-registry/pkg/protobuf/extractor.go:327.50,328.37 1 6
github.com/syncromatics/proto-schema-registry/pkg/protobuf/extractor.go:330.50,331.37 1 1
github.com/syncromatics/proto-schema-registry/pkg/protobuf/extractor.go:333.50,334.37 1 1
github.com/syncromatics/proto-schema-registry/pkg/protobuf/extractor.go:336.51,339.30 3 11
github.com/syncromatics/proto-schema-registry/pkg/protobuf/extractor.go:341.48,343.11 2 3
github.com/syncromatics/proto-schema-registry/pkg/protobuf/extractor.go:347.4,348.23 2 3
github.com/syncromatics/proto-schema-registry/pkg/protobuf/extractor.go:343.11,345.5 1 0
github.com/syncromatics/proto-schema-registry/pkg/protobuf/extractor.go:348.23,349.38 1 2
github.com/syncromatics/proto-schema-registry/pkg/protobuf/extractor.go:349.38,351.6 1 1
github.com/syncromatics/proto-schema-registry/pkg/protobuf/extractor.go:351.11,353.30 2 1
github.com/syncromatics/proto-schema-registry/pkg/protobuf/extractor.go:353.30,355.14 2 3
github.com/syncromatics/proto-schema-registry/pkg/protobuf/extractor.go:356.29,357.36 1 1
github.com/syncromatics/proto-schema-registry/pkg/protobuf/extractor.go:358.30,359.36 1 1
github.com/syncromatics/proto-schema-registry/pkg/protobuf/extractor.go:363.10,366.5 2 1
github.com/syncromatics/proto-schema-registry/pkg/protobuf/extractor.go:370.12,372.3 1 1
github.com/syncromatics/proto-schema-registry/pkg/protobuf/extractor.go:374.31,376.29 2 1
github.com/syncromatics/proto-schema-registry/pkg/protobuf/extractor.go:379.3,379.34 1 1
github.com/syncromatics/proto-schema-registry/pkg/protobuf/extractor.go:376.29,378.4 1 2
github.com/syncromatics/proto-schema-registry/pkg/protobuf/extractor.go:386.90,390.31 3 1
github.com/syncromatics/proto-schema-registry/pkg/protobuf/extractor.go:393.2,394.12 2 1
github.com/syncromatics/proto-schema-registry/pkg/protobuf/extractor.go:390.31,392.3 1 5
